0	0.00009461	mode.com	IRP_MJ_CREATE	Serial0	SUCCESS	Options: Open 	
1	0.00000369	mode.com	IRP_MJ_CLEANUP	Serial0	SUCCESS		
2	0.01229682	mode.com	IRP_MJ_CLOSE	Serial0	SUCCESS		
3	0.00038829	mode.com	IRP_MJ_CREATE	Serial0	SUCCESS	Options: Open 	
4	0.00000369	mode.com	IOCTL_SERIAL_GET_BAUD_RATE	Serial0	SUCCESS		
5	0.00000307	mode.com	IOCTL_SERIAL_GET_LINE_CONTROL	Serial0	SUCCESS		
6	0.00000184	mode.com	IOCTL_SERIAL_GET_CHARS	Serial0	SUCCESS		
7	0.00000184	mode.com	IOCTL_SERIAL_GET_HANDFLOW	Serial0	SUCCESS		
8	0.00000184	mode.com	IOCTL_SERIAL_GET_BAUD_RATE	Serial0	SUCCESS		
9	0.00000184	mode.com	IOCTL_SERIAL_GET_LINE_CONTROL	Serial0	SUCCESS		
10	0.00000184	mode.com	IOCTL_SERIAL_GET_CHARS	Serial0	SUCCESS		
11	0.00000184	mode.com	IOCTL_SERIAL_GET_HANDFLOW	Serial0	SUCCESS		
12	0.00001290	mode.com	IOCTL_SERIAL_SET_BAUD_RATE	Serial0	SUCCESS	Rate: 9600	
13	0.00000676	mode.com	IOCTL_SERIAL_SET_RTS	Serial0	SUCCESS		
14	0.00000614	mode.com	IOCTL_SERIAL_SET_DTR	Serial0	SUCCESS		
15	0.00000430	mode.com	IOCTL_SERIAL_SET_LINE_CONTROL	Serial0	SUCCESS	StopBits: 1 Parity: EVEN WordLength: 7	
16	0.00000246	mode.com	IOCTL_SERIAL_SET_CHAR	Serial0	SUCCESS	EOF:0 ERR:0 BRK:0 EVT:0 XON:11 XOFF:13	
17	0.00000553	mode.com	IOCTL_SERIAL_SET_HANDFLOW	Serial0	SUCCESS	Shake:1 Replace:40 XonLimit:2048 XoffLimit:512	
18	0.00000492	mode.com	IRP_MJ_CLEANUP	Serial0	SUCCESS		
19	0.01368410	mode.com	IRP_MJ_CLOSE	Serial0	SUCCESS		
20	0.00010199	mode.com	IRP_MJ_CREATE	Serial0	SUCCESS	Options: Open 	
21	0.00000307	mode.com	IOCTL_SERIAL_GET_BAUD_RATE	Serial0	SUCCESS		
22	0.00000184	mode.com	IOCTL_SERIAL_GET_LINE_CONTROL	Serial0	SUCCESS		
23	0.00000184	mode.com	IOCTL_SERIAL_GET_CHARS	Serial0	SUCCESS		
24	0.00000184	mode.com	IOCTL_SERIAL_GET_HANDFLOW	Serial0	SUCCESS		
25	0.00000676	mode.com	IOCTL_SERIAL_GET_TIMEOUTS	Serial0	SUCCESS		
26	0.00000737	mode.com	IRP_MJ_CLEANUP	Serial0	SUCCESS		
27	0.01293148	mode.com	IRP_MJ_CLOSE	Serial0	SUCCESS		
28	0.00010199	mode.com	IRP_MJ_CREATE	Serial0	SUCCESS	Options: Open 	
29	0.00000430	mode.com	IRP_MJ_CLEANUP	Serial0	SUCCESS		
30	0.01072278	mode.com	IRP_MJ_CLOSE	Serial0	SUCCESS		
31	0.00008356	mode.com	IRP_MJ_CREATE	Serial0	SUCCESS	Options: Open 	
32	0.00000307	mode.com	IOCTL_SERIAL_GET_BAUD_RATE	Serial0	SUCCESS		
33	0.00000307	mode.com	IOCTL_SERIAL_GET_LINE_CONTROL	Serial0	SUCCESS		
34	0.00000246	mode.com	IOCTL_SERIAL_GET_CHARS	Serial0	SUCCESS		
35	0.00000246	mode.com	IOCTL_SERIAL_GET_HANDFLOW	Serial0	SUCCESS		
36	0.00000184	mode.com	IOCTL_SERIAL_GET_BAUD_RATE	Serial0	SUCCESS		
37	0.00000246	mode.com	IOCTL_SERIAL_GET_LINE_CONTROL	Serial0	SUCCESS		
38	0.00000184	mode.com	IOCTL_SERIAL_GET_CHARS	Serial0	SUCCESS		
39	0.00000184	mode.com	IOCTL_SERIAL_GET_HANDFLOW	Serial0	SUCCESS		
40	0.00001290	mode.com	IOCTL_SERIAL_SET_BAUD_RATE	Serial0	SUCCESS	Rate: 9600	
41	0.00000737	mode.com	IOCTL_SERIAL_SET_RTS	Serial0	SUCCESS		
42	0.00000676	mode.com	IOCTL_SERIAL_SET_DTR	Serial0	SUCCESS		
43	0.00000553	mode.com	IOCTL_SERIAL_SET_LINE_CONTROL	Serial0	SUCCESS	StopBits: 1 Parity: NONE WordLength: 7	
44	0.00000307	mode.com	IOCTL_SERIAL_SET_CHAR	Serial0	SUCCESS	EOF:0 ERR:0 BRK:0 EVT:0 XON:11 XOFF:13	
45	0.00000614	mode.com	IOCTL_SERIAL_SET_HANDFLOW	Serial0	SUCCESS	Shake:1 Replace:40 XonLimit:2048 XoffLimit:512	
46	0.00000492	mode.com	IRP_MJ_CLEANUP	Serial0	SUCCESS		
47	0.01170763	mode.com	IRP_MJ_CLOSE	Serial0	SUCCESS		
48	0.00008970	mode.com	IRP_MJ_CREATE	Serial0	SUCCESS	Options: Open 	
49	0.00000307	mode.com	IOCTL_SERIAL_GET_BAUD_RATE	Serial0	SUCCESS		
50	0.00000246	mode.com	IOCTL_SERIAL_GET_LINE_CONTROL	Serial0	SUCCESS		
51	0.00000184	mode.com	IOCTL_SERIAL_GET_CHARS	Serial0	SUCCESS		
52	0.00000246	mode.com	IOCTL_SERIAL_GET_HANDFLOW	Serial0	SUCCESS		
53	0.00000614	mode.com	IOCTL_SERIAL_GET_TIMEOUTS	Serial0	SUCCESS		
54	0.00000492	mode.com	IRP_MJ_CLEANUP	Serial0	SUCCESS		
55	0.02623773	mode.com	IRP_MJ_CLOSE	Serial0	SUCCESS		
56	0.00011919	mode.com	IRP_MJ_CREATE	Serial0	SUCCESS	Options: Open 	
57	0.00000553	mode.com	IRP_MJ_CLEANUP	Serial0	SUCCESS		
58	0.01327615	mode.com	IRP_MJ_CLOSE	Serial0	SUCCESS		
59	0.00014807	mode.com	IRP_MJ_CREATE	Serial0	SUCCESS	Options: Open 	
60	0.00000307	mode.com	IOCTL_SERIAL_GET_BAUD_RATE	Serial0	SUCCESS		
61	0.00000184	mode.com	IOCTL_SERIAL_GET_LINE_CONTROL	Serial0	SUCCESS		
62	0.00000184	mode.com	IOCTL_SERIAL_GET_CHARS	Serial0	SUCCESS		
63	0.00000184	mode.com	IOCTL_SERIAL_GET_HANDFLOW	Serial0	SUCCESS		
64	0.00000614	mode.com	IOCTL_SERIAL_GET_BAUD_RATE	Serial0	SUCCESS		
65	0.00000307	mode.com	IOCTL_SERIAL_GET_LINE_CONTROL	Serial0	SUCCESS		
66	0.00000123	mode.com	IOCTL_SERIAL_GET_CHARS	Serial0	SUCCESS		
67	0.00000184	mode.com	IOCTL_SERIAL_GET_HANDFLOW	Serial0	SUCCESS		
68	0.00001413	mode.com	IOCTL_SERIAL_SET_BAUD_RATE	Serial0	SUCCESS	Rate: 9600	
69	0.00000676	mode.com	IOCTL_SERIAL_SET_RTS	Serial0	SUCCESS		
70	0.00000676	mode.com	IOCTL_SERIAL_SET_DTR	Serial0	SUCCESS		
71	0.00000492	mode.com	IOCTL_SERIAL_SET_LINE_CONTROL	Serial0	SUCCESS	StopBits: 1 Parity: EVEN WordLength: 8	
72	0.00000184	mode.com	IOCTL_SERIAL_SET_CHAR	Serial0	SUCCESS	EOF:0 ERR:0 BRK:0 EVT:0 XON:11 XOFF:13	
73	0.00000614	mode.com	IOCTL_SERIAL_SET_HANDFLOW	Serial0	SUCCESS	Shake:1 Replace:40 XonLimit:2048 XoffLimit:512	
74	0.00000553	mode.com	IRP_MJ_CLEANUP	Serial0	SUCCESS		
75	0.01618647	mode.com	IRP_MJ_CLOSE	Serial0	SUCCESS		
76	0.00007987	mode.com	IRP_MJ_CREATE	Serial0	SUCCESS	Options: Open 	
77	0.00000246	mode.com	IOCTL_SERIAL_GET_BAUD_RATE	Serial0	SUCCESS		
78	0.00000246	mode.com	IOCTL_SERIAL_GET_LINE_CONTROL	Serial0	SUCCESS		
79	0.00000123	mode.com	IOCTL_SERIAL_GET_CHARS	Serial0	SUCCESS		
80	0.00000184	mode.com	IOCTL_SERIAL_GET_HANDFLOW	Serial0	SUCCESS		
81	0.00000369	mode.com	IOCTL_SERIAL_GET_TIMEOUTS	Serial0	SUCCESS		
82	0.00000430	mode.com	IRP_MJ_CLEANUP	Serial0	SUCCESS		
83	0.01103304	mode.com	IRP_MJ_CLOSE	Serial0	SUCCESS		
84	0.00009339	mode.com	IRP_MJ_CREATE	Serial0	SUCCESS	Options: Open 	
85	0.00000369	mode.com	IRP_MJ_CLEANUP	Serial0	SUCCESS		
86	0.01111107	mode.com	IRP_MJ_CLOSE	Serial0	SUCCESS		
87	0.00016650	mode.com	IRP_MJ_CREATE	Serial0	SUCCESS	Options: Open 	
88	0.00000369	mode.com	IOCTL_SERIAL_GET_BAUD_RATE	Serial0	SUCCESS		
89	0.00000184	mode.com	IOCTL_SERIAL_GET_LINE_CONTROL	Serial0	SUCCESS		
90	0.00000123	mode.com	IOCTL_SERIAL_GET_CHARS	Serial0	SUCCESS		
91	0.00000123	mode.com	IOCTL_SERIAL_GET_HANDFLOW	Serial0	SUCCESS		
92	0.00000676	mode.com	IOCTL_SERIAL_GET_BAUD_RATE	Serial0	SUCCESS		
93	0.00000184	mode.com	IOCTL_SERIAL_GET_LINE_CONTROL	Serial0	SUCCESS		
94	0.00000123	mode.com	IOCTL_SERIAL_GET_CHARS	Serial0	SUCCESS		
95	0.00000123	mode.com	IOCTL_SERIAL_GET_HANDFLOW	Serial0	SUCCESS		
96	0.00001290	mode.com	IOCTL_SERIAL_SET_BAUD_RATE	Serial0	SUCCESS	Rate: 9600	
97	0.00000614	mode.com	IOCTL_SERIAL_SET_RTS	Serial0	SUCCESS		
98	0.00000553	mode.com	IOCTL_SERIAL_SET_DTR	Serial0	SUCCESS		
99	0.00000430	mode.com	IOCTL_SERIAL_SET_LINE_CONTROL	Serial0	SUCCESS	StopBits: 1 Parity: EVEN WordLength: 7	
100	0.00000184	mode.com	IOCTL_SERIAL_SET_CHAR	Serial0	SUCCESS	EOF:0 ERR:0 BRK:0 EVT:0 XON:11 XOFF:13	
101	0.00000430	mode.com	IOCTL_SERIAL_SET_HANDFLOW	Serial0	SUCCESS	Shake:1 Replace:40 XonLimit:2048 XoffLimit:512	
102	0.00000369	mode.com	IRP_MJ_CLEANUP	Serial0	SUCCESS		
103	0.01399620	mode.com	IRP_MJ_CLOSE	Serial0	SUCCESS		
104	0.00008663	mode.com	IRP_MJ_CREATE	Serial0	SUCCESS	Options: Open 	
105	0.00000246	mode.com	IOCTL_SERIAL_GET_BAUD_RATE	Serial0	SUCCESS		
106	0.00000184	mode.com	IOCTL_SERIAL_GET_LINE_CONTROL	Serial0	SUCCESS		
107	0.00000123	mode.com	IOCTL_SERIAL_GET_CHARS	Serial0	SUCCESS		
108	0.00000123	mode.com	IOCTL_SERIAL_GET_HANDFLOW	Serial0	SUCCESS		
109	0.00000307	mode.com	IOCTL_SERIAL_GET_TIMEOUTS	Serial0	SUCCESS		
110	0.00000430	mode.com	IRP_MJ_CLEANUP	Serial0	SUCCESS		
111	0.01447603	mode.com	IRP_MJ_CLOSE	Serial0	SUCCESS		
112	0.00013209	php.exe	IRP_MJ_CREATE	Serial0	SUCCESS	Options: Overwrite 	
113	0.00004792	php.exe	IRP_MJ_WRITE	Serial0	SUCCESS	Length 5: 2F 3F 21 0D 0A 	
114	0.00002150	php.exe	IRP_MJ_READ	Serial0	SUCCESS	Length 0: 	
115	0.00004854	php.exe	IRP_MJ_WRITE	Serial0	SUCCESS	Length 5: 2F 3F 21 0D 0A 	
116	0.00000983	php.exe	IRP_MJ_READ	Serial0	SUCCESS	Length 0: 	
117	0.00000676	php.exe	IRP_MJ_CLEANUP	Serial0	SUCCESS		
118	0.01412706	php.exe	IRP_MJ_CLOSE	Serial0	SUCCESS		
